[    0.000000] Initializing cgroup subsys cpuset
[    0.000000] Initializing cgroup subsys cpu
[    0.000000] Initializing cgroup subsys cpuacct
[    0.000000] Linux version 4.4.0-47-generic (buildd@lcy01-03) (gcc version 5.4.0 20160609 (Ubuntu 5.4.0-6ubuntu1~16.04.2) ) #68-Ubuntu SMP Wed Oct 26 19:39:52 UTC 2016 (Ubuntu 4.4.0-47.68-generic 4.4.24)
[    0.000000] Command line: BOOT_IMAGE=/boot/vmlinuz-4.4.0-47-generic root=LABEL=cloudimg-rootfs ro console=tty1 console=ttyS0
[    0.000000] KERNEL supported cpus:
[    0.000000]   Intel GenuineIntel
[    0.000000]   AMD AuthenticAMD
[    0.000000]   Centaur CentaurHauls
[    0.000000] x86/fpu: xstate_offset[2]:  576, xstate_sizes[2]:  256
[    0.000000] x86/fpu: Supporting XSAVE feature 0x01: 'x87 floating point registers'
[    0.000000] x86/fpu: Supporting XSAVE feature 0x02: 'SSE registers'
[    0.000000] x86/fpu: Supporting XSAVE feature 0x04: 'AVX registers'
[    0.000000] x86/fpu: Enabled xstate features 0x7, context size is 832 bytes, using 'standard' format.
[    0.000000] x86/fpu: Using 'lazy' FPU context switches.
[    0.000000] e820: BIOS-provided physical RAM map:
[    0.000000] BIOS-e820: [mem 0x0000000000000000-0x000000000009fbff] usable
[    0.000000] BIOS-e820: [mem 0x000000000009fc00-0x000000000009ffff] reserved
[    0.000000] BIOS-e820: [mem 0x00000000000f0000-0x00000000000fffff] reserved
[    0.000000] BIOS-e820: [mem 0x0000000000100000-0x000000007ffeffff] usable
[    0.000000] BIOS-e820: [mem 0x000000007fff0000-0x000000007fffffff] ACPI data
[    0.000000] BIOS-e820: [mem 0x00000000fffc0000-0x00000000ffffffff] reserved
[    0.000000] NX (Execute Disable) protection: active
[    0.000000] SMBIOS 2.5 present.
[    0.000000] Hypervisor detected: KVM
[    0.000000] e820: last_pfn = 0x7fff0 max_arch_pfn = 0x400000000
[    0.000000] MTRR: Disabled
[    0.000000] x86/PAT: MTRRs disabled, skipping PAT initialization too.
[    0.000000] x86/PAT: Configuration [0-7]: WB  WT  UC- UC  WB  WT  UC- UC  
[    0.000000] CPU MTRRs all blank - virtualized system.
[    0.000000] found SMP MP-table at [mem 0x0009fff0-0x0009ffff] mapped at [ffff88000009fff0]
[    0.000000] Scanning 1 areas for low memory corruption
[    0.000000] RAMDISK: [mem 0x36fcc000-0x377ddfff]
[    0.000000] ACPI: Early table checksum verification disabled
[    0.000000] ACPI: RSDP 0x00000000000E0000 000024 (v02 VBOX  )
[    0.000000] ACPI: XSDT 0x000000007FFF0030 00003C (v01 VBOX   VBOXXSDT 00000001 ASL  00000061)
[    0.000000] ACPI: FACP 0x000000007FFF00F0 0000F4 (v04 VBOX   VBOXFACP 00000001 ASL  00000061)
[    0.000000] ACPI: DSDT 0x000000007FFF0470 001BF1 (v01 VBOX   VBOXBIOS 00000002 INTL 20100528)
[    0.000000] ACPI: FACS 0x000000007FFF0200 000040
[    0.000000] ACPI: FACS 0x000000007FFF0200 000040
[    0.000000] ACPI: APIC 0x000000007FFF0240 000054 (v02 VBOX   VBOXAPIC 00000001 ASL  00000061)
[    0.000000] ACPI: SSDT 0x000000007FFF02A0 0001CC (v01 VBOX   VBOXCPUT 00000002 INTL 20100528)
[    0.000000] No NUMA configuration found
[    0.000000] Faking a node at [mem 0x0000000000000000-0x000000007ffeffff]
[    0.000000] NODE_DATA(0) allocated [mem 0x7ffeb000-0x7ffeffff]
[    0.000000] kvm-clock: Using msrs 4b564d01 and 4b564d00
[    0.000000] kvm-clock: cpu 0, msr 0:7ffe7001, primary cpu clock
[    0.000000] kvm-clock: using sched offset of 3030553936 cycles
[    0.000000] clocksource: kvm-clock: mask: 0xffffffffffffffff max_cycles: 0x1cd42e4dffb, max_idle_ns: 881590591483 ns
[    0.000000] Zone ranges:
[    0.000000]   DMA      [mem 0x0000000000001000-0x0000000000ffffff]
[    0.000000]   DMA32    [mem 0x0000000001000000-0x000000007ffeffff]
[    0.000000]   Normal   empty
[    0.000000]   Device   empty
[    0.000000] Movable zone start for each node
[    0.000000] Early memory node ranges
[    0.000000]   node   0: [mem 0x0000000000001000-0x000000000009efff]
[    0.000000]   node   0: [mem 0x0000000000100000-0x000000007ffeffff]
[    0.000000] Initmem setup node 0 [mem 0x0000000000001000-0x000000007ffeffff]
[    0.000000] ACPI: PM-Timer IO Port: 0x4008
[    0.000000] IOAPIC[0]: apic_id 1, version 17, address 0xfec00000, GSI 0-23
[    0.000000] ACPI: INT_SRC_OVR (bus 0 bus_irq 0 global_irq 2 dfl dfl)
[    0.000000] ACPI: INT_SRC_OVR (bus 0 bus_irq 9 global_irq 9 high level)
[    0.000000] Using ACPI (MADT) for SMP configuration information
[    0.000000] smpboot: Allowing 1 CPUs, 0 hotplug CPUs
[    0.000000] PM: Registered nosave memory: [mem 0x00000000-0x00000fff]
[    0.000000] PM: Registered nosave memory: [mem 0x0009f000-0x0009ffff]
[    0.000000] PM: Registered nosave memory: [mem 0x000a0000-0x000effff]
[    0.000000] PM: Registered nosave memory: [mem 0x000f0000-0x000fffff]
[    0.000000] e820: [mem 0x80000000-0xfffbffff] available for PCI devices
[    0.000000] Booting paravirtualized kernel on KVM
[    0.000000] clocksource: refined-jiffies: mask: 0xffffffff max_cycles: 0xffffffff, max_idle_ns: 7645519600211568 ns
[    0.000000] setup_percpu: NR_CPUS:256 nr_cpumask_bits:256 nr_cpu_ids:1 nr_node_ids:1
[    0.000000] PERCPU: Embedded 33 pages/cpu @ffff88007fc00000 s98008 r8192 d28968 u2097152
[    0.000000] PV qspinlock hash table entries: 256 (order: 0, 4096 bytes)
[    0.000000] Built 1 zonelists in Node order, mobility grouping on.  Total pages: 515961
[    0.000000] Policy zone: DMA32
[    0.000000] Kernel command line: BOOT_IMAGE=/boot/vmlinuz-4.4.0-47-generic root=LABEL=cloudimg-rootfs ro console=tty1 console=ttyS0
[    0.000000] PID hash table entries: 4096 (order: 3, 32768 bytes)
[    0.000000] Memory: 2036692K/2096696K available (8423K kernel code, 1285K rwdata, 3952K rodata, 1480K init, 1292K bss, 60004K reserved, 0K cma-reserved)
[    0.000000] SLUB: HWalign=64, Order=0-3, MinObjects=0, CPUs=1, Nodes=1
[    0.000000] Hierarchical RCU implementation.
[    0.000000] 	Build-time adjustment of leaf fanout to 64.
[    0.000000] 	RCU restricting CPUs from NR_CPUS=256 to nr_cpu_ids=1.
[    0.000000] RCU: Adjusting geometry for rcu_fanout_leaf=64, nr_cpu_ids=1
[    0.000000] NR_IRQS:16640 nr_irqs:256 16
[    0.000000] Console: colour VGA+ 80x25
[    0.000000] console [tty1] enabled
[    0.000000] console [ttyS0] enabled
[    0.000000] tsc: Detected 3192.616 MHz processor
[    1.554714] Calibrating delay loop (skipped) preset value.. 6385.23 BogoMIPS (lpj=12770464)
[    1.556058] pid_max: default: 32768 minimum: 301
[    1.556901] ACPI: Core revision 20150930
[    1.558286] ACPI: 2 ACPI AML tables successfully acquired and loaded
[    1.559327] Security Framework initialized
[    1.560008] Yama: becoming mindful.
[    1.560628] AppArmor: AppArmor initialized
[    1.668310] Dentry cache hash table entries: 262144 (order: 9, 2097152 bytes)
[    1.814735] Inode-cache hash table entries: 131072 (order: 8, 1048576 bytes)
[    1.815820] Mount-cache hash table entries: 4096 (order: 3, 32768 bytes)
[    1.816746] Mountpoint-cache hash table entries: 4096 (order: 3, 32768 bytes)
[    1.817876] Initializing cgroup subsys io
[    1.818516] Initializing cgroup subsys memory
[    1.819206] Initializing cgroup subsys devices
[    1.819900] Initializing cgroup subsys freezer
[    1.820576] Initializing cgroup subsys net_cls
[    1.834764] Initializing cgroup subsys perf_event
[    1.835491] Initializing cgroup subsys net_prio
[    1.836196] Initializing cgroup subsys hugetlb
[    1.836870] Initializing cgroup subsys pids
[    1.837582] CPU: Physical Processor ID: 0
[    1.839056] mce: CPU supports 0 MCE banks
[    1.839721] process: using mwait in idle threads
[    1.840417] Last level iTLB entries: 4KB 1024, 2MB 1024, 4MB 1024
[    1.915085] Last level dTLB entries: 4KB 1024, 2MB 1024, 4MB 1024, 1GB 4
[    2.009152] Freeing SMP alternatives memory: 32K (ffffffff820b5000 - ffffffff820bd000)
[    2.017179] ftrace: allocating 32047 entries in 126 pages
[    2.053418] smpboot: Max logical packages: 1
[    2.096707] smpboot: APIC(0) Converting physical 0 to logical package 0
[    2.098711] ..TIMER: vector=0x30 apic1=0 pin1=2 apic2=-1 pin2=-1
[    2.205793] smpboot: CPU0: Intel(R) Core(TM) i5-4460  CPU @ 3.20GHz (family: 0x6, model: 0x3c, stepping: 0x3)
[    2.344178] Performance Events: unsupported p6 CPU model 60 no PMU driver, software events only.
[    2.398279] KVM setup paravirtual spinlock
[    2.399455] x86: Booted up 1 node, 1 CPUs
[    2.400099] smpboot: Total of 1 processors activated (6385.23 BogoMIPS)
[    2.401283] devtmpfs: initialized
[    2.403031] evm: security.selinux
[    2.403574] evm: security.SMACK64
[    2.404113] evm: security.SMACK64EXEC
[    2.404723] evm: security.SMACK64TRANSMUTE
[    2.411383] evm: security.SMACK64MMAP
[    2.411980] evm: security.ima
[    2.412513] evm: security.capability
[    2.413195] clocksource: jiffies: mask: 0xffffffff max_cycles: 0xffffffff, max_idle_ns: 7645041785100000 ns
[    2.414755] pinctrl core: initialized pinctrl subsystem
[    2.415606] RTC time: 15:38:41, date: 11/14/16
[    2.416432] NET: Registered protocol family 16
[    2.417266] cpuidle: using governor ladder
[    2.417910] cpuidle: using governor menu
[    2.418532] PCCT header not found.
[    2.419161] ACPI: bus type PCI registered
[    2.419822] acpiphp: ACPI Hot Plug PCI Controller Driver version: 0.5
[    2.420802] PCI: Using configuration type 1 for base access
[    2.422566] ACPI: Added _OSI(Module Device)
[    2.429179] ACPI: Added _OSI(Processor Device)
[    2.429883] ACPI: Added _OSI(3.0 _SCP Extensions)
[    2.430592] ACPI: Added _OSI(Processor Aggregator Device)
[    2.431846] ACPI: Executed 1 blocks of module-level executable AML code
[    2.434265] ACPI: Interpreter enabled
[    2.434881] ACPI: (supports S0 S5)
[    2.435460] ACPI: Using IOAPIC for interrupt routing
[    2.436344] PCI: Using host bridge windows from ACPI; if necessary, use "pci=nocrs" and report a bug
[    2.439199] ACPI: PCI Root Bridge [PCI0] (domain 0000 [bus 00-ff])
[    2.449581] acpi PNP0A03:00: _OSC: OS supports [ASPM ClockPM Segments MSI]
[    2.547263] acpi PNP0A03:00: _OSC failed (AE_NOT_FOUND); disabling ASPM
[    2.559057] acpi PNP0A03:00: fail to add MMCONFIG information, can't access extended PCI configuration space under this bridge.
[    2.560995] PCI host bridge to bus 0000:00
[    2.561694] pci_bus 0000:00: root bus resource [io  0x0000-0x0cf7 window]
[    2.564760] pci_bus 0000:00: root bus resource [io  0x0d00-0xffff window]
[    2.588650] pci_bus 0000:00: root bus resource [mem 0x000a0000-0x000bffff window]
[    2.591927] pci_bus 0000:00: root bus resource [mem 0x80000000-0xffdfffff window]
[    2.607980] pci_bus 0000:00: root bus resource [bus 00-ff]
[    2.613362] pci 0000:00:01.1: legacy IDE quirk: reg 0x10: [io  0x01f0-0x01f7]
[    2.617714] pci 0000:00:01.1: legacy IDE quirk: reg 0x14: [io  0x03f6]
[    2.642180] pci 0000:00:01.1: legacy IDE quirk: reg 0x18: [io  0x0170-0x0177]
[    2.772660] pci 0000:00:01.1: legacy IDE quirk: reg 0x1c: [io  0x0376]
[    2.875750] ACPI: PCI Interrupt Link [LNKA] (IRQs 5 9 10 11) *0, disabled.
[    2.976268] ACPI: PCI Interrupt Link [LNKB] (IRQs 5 9 10 *11)
[    3.056171] ACPI: PCI Interrupt Link [LNKC] (IRQs 5 9 *10 11)
[    3.133681] ACPI: PCI Interrupt Link [LNKD] (IRQs 5 *9 10 11)
[    3.211470] ACPI: Enabled 2 GPEs in block 00 to 07
[    3.295700] vgaarb: setting as boot device: PCI:0000:00:02.0
[    3.368704] vgaarb: device added: PCI:0000:00:02.0,decodes=io+mem,owns=io+mem,locks=none
[    3.473013] vgaarb: loaded
[    3.519709] vgaarb: bridge control possible 0000:00:02.0
[    3.587467] SCSI subsystem initialized
[    3.639517] ACPI: bus type USB registered
[    3.641507] usbcore: registered new interface driver usbfs
[    3.643844] usbcore: registered new interface driver hub
[    3.644653] usbcore: registered new device driver usb
[    3.645769] PCI: Using ACPI for IRQ routing
[    3.646680] NetLabel: Initializing
[    3.647285] NetLabel:  domain hash size = 128
[    3.647992] NetLabel:  protocols = UNLABELED CIPSOv4
[    3.649016] NetLabel:  unlabeled traffic allowed by default
[    3.652464] amd_nb: Cannot enumerate AMD northbridges
[    3.656623] clocksource: Switched to clocksource kvm-clock
[    3.662503] AppArmor: AppArmor Filesystem Enabled
[    3.676126] pnp: PnP ACPI init
[    3.708803] pnp: PnP ACPI: found 4 devices
[    3.716501] clocksource: acpi_pm: mask: 0xffffff max_cycles: 0xffffff, max_idle_ns: 2085701024 ns
[    3.796925] NET: Registered protocol family 2
[    3.817592] TCP established hash table entries: 16384 (order: 5, 131072 bytes)
[    3.831451] TCP bind hash table entries: 16384 (order: 6, 262144 bytes)
[    3.832371] TCP: Hash tables configured (established 16384 bind 16384)
[    3.833354] UDP hash table entries: 1024 (order: 3, 32768 bytes)
[    3.834224] UDP-Lite hash table entries: 1024 (order: 3, 32768 bytes)
[    3.835170] NET: Registered protocol family 1
[    3.835861] pci 0000:00:00.0: Limiting direct PCI/PCI transfers
[    3.836745] pci 0000:00:01.0: Activating ISA DMA hang workarounds
[    3.837737] Trying to unpack rootfs image as initramfs...
[    5.010809] Freeing initrd memory: 8264K (ffff880036fcc000 - ffff8800377de000)
[    5.093804] RAPL PMU detected, API unit is 2^-32 Joules, 4 fixed counters 10737418240 ms ovfl timer
[    5.230224] hw unit of domain pp0-core 2^-0 Joules
[    5.297951] hw unit of domain package 2^-0 Joules
[    5.383947] hw unit of domain dram 2^-0 Joules
[    5.442944] hw unit of domain pp1-gpu 2^-0 Joules
[    5.530526] platform rtc_cmos: registered platform RTC device (no PNP device found)
[    5.631267] Scanning for low memory corruption every 60 seconds
[    5.711772] futex hash table entries: 256 (order: 2, 16384 bytes)
[    5.795565] audit: initializing netlink subsys (disabled)
[    5.814769] audit: type=2000 audit(1479137925.957:1): initialized
[    5.815873] Initialise system trusted keyring
[    5.816655] HugeTLB registered 2 MB page size, pre-allocated 0 pages
[    5.818593] zbud: loaded
[    5.820785] VFS: Disk quotas dquot_6.6.0
[    5.821453] VFS: Dquot-cache hash table entries: 512 (order 0, 4096 bytes)
[    5.822590] squashfs: version 4.0 (2009/01/31) Phillip Lougher
[    5.825362] fuse init (API version 7.23)
[    5.826116] Key type big_key registered
[    5.828780] Allocating IMA MOK and blacklist keyrings.
[    5.829808] Key type asymmetric registered
[    5.856586] Asymmetric key parser 'x509' registered
[    5.894599] Block layer SCSI generic (bsg) driver version 0.4 loaded (major 249)
[    5.973974] io scheduler noop registered
[    6.019039] io scheduler deadline registered (default)
[    6.078596] io scheduler cfq registered
[    6.131602] pci_hotplug: PCI Hot Plug PCI Core version: 0.5
[    6.199585] pciehp: PCI Express Hot Plug Controller Driver version: 0.4
[    6.286740] ACPI: AC Adapter [AC] (on-line)
[    6.296470] input: Power Button as /devices/LNXSYSTM:00/LNXPWRBN:00/input/input0
[    6.362397] ACPI: Power Button [PWRF]
[    6.413118] input: Sleep Button as /devices/LNXSYSTM:00/LNXSLPBN:00/input/input1
[    6.496363] ACPI: Sleep Button [SLPF]
[    6.538587] tsc: Refined TSC clocksource calibration: 3193.623 MHz
[    6.623670] clocksource: tsc: mask: 0xffffffffffffffff max_cycles: 0x2e08c1da398, max_idle_ns: 440795268375 ns
[    6.750551] GHES: HEST is not enabled!
[    6.796188] Serial: 8250/16550 driver, 32 ports, IRQ sharing enabled
[    6.909929] 00:03: ttyS0 at I/O 0x3f8 (irq = 4, base_baud = 115200) is a 16550A
[    6.922677] Linux agpgart interface v0.103
[    6.928742] brd: module loaded
[    6.929919] loop: module loaded
[    6.932035] scsi host0: ata_piix
[    6.933909] scsi host1: ata_piix
[    6.934509] ata1: PATA max UDMA/33 cmd 0x1f0 ctl 0x3f6 bmdma 0xd000 irq 14
[    6.935479] ata2: PATA max UDMA/33 cmd 0x170 ctl 0x376 bmdma 0xd008 irq 15
[    6.952467] libphy: Fixed MDIO Bus: probed
[    6.957380] tun: Universal TUN/TAP device driver, 1.6
[    6.958158] tun: (C) 1999-2004 Max Krasnyansky <maxk@qualcomm.com>
[    6.959140] PPP generic driver version 2.4.2
[    6.959915] ehci_hcd: USB 2.0 'Enhanced' Host Controller (EHCI) Driver
[    7.017718] ehci-pci: EHCI PCI platform driver
[    7.085679] ehci-platform: EHCI generic platform driver
[    7.110280] ohci_hcd: USB 1.1 'Open' Host Controller (OHCI) Driver
[    7.112675] ohci-pci: OHCI PCI platform driver
[    7.113398] ohci-platform: OHCI generic platform driver
[    7.114179] uhci_hcd: USB Universal Host Controller Interface driver
[    7.123112] i8042: PNP: PS/2 Controller [PNP0303:PS2K,PNP0f03:PS2M] at 0x60,0x64 irq 1,12
[    7.131375] serio: i8042 KBD port at 0x60,0x64 irq 1
[    7.132129] serio: i8042 AUX port at 0x60,0x64 irq 12
[    7.132974] mousedev: PS/2 mouse device common for all mice
[    7.134086] input: AT Translated Set 2 keyboard as /devices/platform/i8042/serio0/input/input2
[    7.135692] rtc_cmos rtc_cmos: rtc core: registered rtc_cmos as rtc0
[    7.136634] rtc_cmos rtc_cmos: alarms up to one day, 114 bytes nvram
[    7.137553] i2c /dev entries driver
[    7.138217] device-mapper: uevent: version 1.0.3
[    7.138994] device-mapper: ioctl: 4.34.0-ioctl (2015-10-28) initialised: dm-devel@redhat.com
[    7.140319] ledtrig-cpu: registered to indicate activity on CPUs
[    7.141432] NET: Registered protocol family 10
[    7.142235] NET: Registered protocol family 17
[    7.142966] Key type dns_resolver registered
[    7.143745] microcode: CPU0 sig=0x306c3, pf=0x2, revision=0x19
[    7.144590] microcode: Microcode Update Driver: v2.01 <tigran@aivazian.fsnet.co.uk>, Peter Oruba
[    7.146006] registered taskstats version 1
[    7.195686] Loading compiled-in X.509 certificates
[    7.243802] Loaded X.509 cert 'Build time autogenerated kernel key: f7bc719d96df7c6d6fed8f4b9fd5d4ff001383c8'
[    7.367476] zswap: loaded using pool lzo/zbud
[    7.430168] Key type trusted registered
[    7.473825] Key type encrypted registered
[    7.524738] AppArmor: AppArmor sha1 policy hashing enabled
[    7.607013] ima: No TPM chip found, activating TPM-bypass!
[    7.672774] evm: HMAC attrs: 0x1
[    7.719572]   Magic number: 8:255:639
[    7.780815] rtc_cmos rtc_cmos: setting system clock to 2016-11-14 15:38:46 UTC (1479137926)
[    7.897051] BIOS EDD facility v0.16 2004-Jun-25, 0 devices found
[    7.903909] EDD information not available.
[    7.905611] Freeing unused kernel memory: 1480K (ffffffff81f43000 - ffffffff820b5000)
[    7.906819] Write protecting the kernel read-only data: 14336k
[    7.908005] Freeing unused kernel memory: 1804K (ffff88000183d000 - ffff880001a00000)
[    7.909520] Freeing unused kernel memory: 144K (ffff880001ddc000 - ffff880001e00000)
Loading, please wait...
starting version 229
[    7.918491] random: udevadm: uninitialized urandom read (16 bytes read, 2 bits of entropy available)
[    7.919936] random: udevadm: uninitialized urandom read (16 bytes read, 2 bits of entropy available)
[    7.923188] random: systemd-udevd: uninitialized urandom read (16 bytes read, 2 bits of entropy available)
[    7.930855] random: udevadm: uninitialized urandom read (16 bytes read, 2 bits of entropy available)
[    7.932312] random: udevadm: uninitialized urandom read (16 bytes read, 2 bits of entropy available)
[    7.933802] random: systemd-udevd: uninitialized urandom read (16 bytes read, 2 bits of entropy available)
[    7.935262] random: systemd-udevd: uninitialized urandom read (16 bytes read, 2 bits of entropy available)
[    7.936722] random: systemd-udevd: uninitialized urandom read (16 bytes read, 2 bits of entropy available)
[    7.938259] random: udevadm: uninitialized urandom read (16 bytes read, 2 bits of entropy available)
[    7.939703] random: udevadm: uninitialized urandom read (16 bytes read, 2 bits of entropy available)
[    8.014874] e1000: Intel(R) PRO/1000 Network Driver - version 7.3.21-k8-NAPI
[    8.043057] e1000: Copyright (c) 1999-2006 Intel Corporation.
[    8.058892] Fusion MPT base driver 3.04.20
[    8.098288] Copyright (c) 1999-2008 LSI Corporation
[    8.125315] AVX version of gcm_enc/dec engaged.
[    8.192794] AES CTR mode by8 optimization enabled
[    8.291750] Fusion MPT SPI Host driver 3.04.20
[    8.306362] input: ImExPS/2 Generic Explorer Mouse as /devices/platform/i8042/serio1/input/input4
[    8.632241] e1000 0000:00:03.0 eth0: (PCI:33MHz:32-bit) 02:d0:b0:43:c2:9f
[    8.669795] e1000 0000:00:03.0 eth0: Intel(R) PRO/1000 Network Connection
[    8.671837] e1000 0000:00:03.0 enp0s3: renamed from eth0
[    8.673466] mptbase: ioc0: Initiating bringup
[    8.737856] ioc0: LSI53C1030 A0: Capabilities={Initiator}
[    8.993331] scsi host2: ioc0: LSI53C1030 A0, FwRev=00000000h, Ports=1, MaxQ=256, IRQ=20
[    9.181139] scsi 2:0:0:0: Direct-Access     VBOX     HARDDISK         1.0  PQ: 0 ANSI: 5
[    9.297775] scsi target2:0:0: Beginning Domain Validation
[    9.353524] scsi target2:0:0: Domain Validation skipping write tests
[    9.355974] scsi target2:0:0: Ending Domain Validation
[    9.356797] scsi target2:0:0: asynchronous
[    9.357691] scsi 2:0:1:0: Direct-Access     VBOX     HARDDISK         1.0  PQ: 0 ANSI: 5
[    9.358957] scsi target2:0:1: Beginning Domain Validation
[    9.360372] scsi target2:0:1: Domain Validation skipping write tests
[    9.361306] scsi target2:0:1: Ending Domain Validation
[    9.370609] scsi target2:0:1: asynchronous
[    9.425430] sd 2:0:0:0: Attached scsi generic sg0 type 0
[    9.426667] sd 2:0:0:0: [sda] 20971520 512-byte logical blocks: (10.7 GB/10.0 GiB)
[    9.427849] sd 2:0:1:0: Attached scsi generic sg1 type 0
[    9.428838] sd 2:0:0:0: [sda] Write Protect is off
[    9.429635] sd 2:0:1:0: [sdb] 20480 512-byte logical blocks: (10.5 MB/10.0 MiB)
[    9.430882] sd 2:0:0:0: [sda] Incomplete mode parameter data
[    9.431737] sd 2:0:0:0: [sda] Assuming drive cache: write through
[    9.432812] sd 2:0:1:0: [sdb] Write Protect is off
[    9.433757] sd 2:0:1:0: [sdb] Incomplete mode parameter data
[    9.460005] sd 2:0:1:0: [sdb] Assuming drive cache: write through
[    9.546717]  sda: sda1
[    9.595465] sd 2:0:0:0: [sda] Attached SCSI disk
[    9.631932] sd 2:0:1:0: [sdb] Attached SCSI disk
[   11.256975] floppy0: no floppy controllers found
Begin: Loading essential drivers ... [   12.631176] md: linear personality registered for level -1
[   12.635442] md: multipath personality registered for level -4
[   12.675209] md: raid0 personality registered for level 0
[   12.680607] md: raid1 personality registered for level 1
[   12.753042] raid6: sse2x1   gen()  9798 MB/s
[   12.877055] raid6: sse2x1   xor()  7521 MB/s
[   12.997072] raid6: sse2x2   gen() 12580 MB/s
[   13.121061] raid6: sse2x2   xor()  8354 MB/s
[   13.233103] raid6: sse2x4   gen() 14319 MB/s
[   13.361116] raid6: sse2x4   xor() 10010 MB/s
[   13.418430] raid6: using algorithm sse2x4 gen() 14319 MB/s
[   13.501483] raid6: .... xor() 10010 MB/s, rmw enabled
[   13.579977] raid6: using ssse3x2 recovery algorithm
[   13.642150] xor: automatically using best checksumming function:
[   13.733126]    avx       : 22115.000 MB/sec
[   13.741005] async_tx: api initialized (async)
[   13.750864] md: raid6 personality registered for level 6
[   13.759913] md: raid5 personality registered for level 5
[   13.760727] md: raid4 personality registered for level 4
[   13.766100] md: raid10 personality registered for level 10
done.
Begin: Running /scripts/init-premount ... done.
Begin: Mounting root file system ... Begin: Running /scripts/local-top ... done.
Begin: Running /scripts/local-premount ... [   13.795354] Btrfs loaded
Scanning for Btrfs filesystems
[   13.863085] EXT4-fs (sda1): INFO: recovery required on readonly filesystem
done.
Warning: fsck not present, so skipping root file system
[   13.865646] EXT4-fs (sda1): write access will be enabled during recovery
[   14.314400] EXT4-fs (sda1): recovery complete
[   14.380544] EXT4-fs (sda1): mounted filesystem with ordered data mode. Opts: (null)
done.
Begin: Running /scripts/local-bottom ... done.
Begin: Running /scripts/init-bottom ... Warning: overlayroot: debug is busted
done.
[   14.733875] random: nonblocking pool is initialized
[   15.044427] systemd[1]: systemd 229 running in system mode. (+PAM +AUDIT +SELINUX +IMA +APPARMOR +SMACK +SYSVINIT +UTMP +LIBCRYPTSETUP +GCRYPT +GNUTLS +ACL +XZ -LZ4 +SECCOMP +BLKID +ELFUTILS +KMOD -IDN)
[   15.286113] systemd[1]: Detected virtualization oracle.
[   15.299633] systemd[1]: Detected architecture x86-64.

Welcome to [1mUbuntu 16.04.1 LTS[0m!

[   15.342491] systemd[1]: Set hostname to <experteese>.
[   15.892577] systemd[1]: Listening on Syslog Socket.
[[0;32m  OK  [0m] Listening on Syslog Socket.
[   15.917284] systemd[1]: Listening on /dev/initctl Compatibility Named Pipe.
[[0;32m  OK  [0m] Listening on /dev/initctl Compatibility Named Pipe.
[   15.982699] systemd[1]: Created slice User and Session Slice.
[[0;32m  OK  [0m] Created slice User and Session Slice.
[   15.984692] systemd[1]: Listening on Journal Audit Socket.
[[0;32m  OK  [0m] Listening on Journal Audit Socket.
[   16.045581] systemd[1]: Listening on Journal Socket (/dev/log).
[[0;32m  OK  [0m] Listening on Journal Socket (/dev/log).
[   16.149578] systemd[1]: Listening on Device-mapper event daemon FIFOs.
[[0;32m  OK  [0m] Listening on Device-mapper event daemon FIFOs.
[   16.226633] systemd[1]: Reached target Swap.
[[0;32m  OK  [0m] Reached target Swap.
[   16.229306] systemd[1]: Reached target Encrypted Volumes.
[[0;32m  OK  [0m] Reached target Encrypted Volumes.
[   16.305664] systemd[1]: Listening on Journal Socket.
[[0;32m  OK  [0m] Listening on Journal Socket.
[   16.396724] systemd[1]: Listening on LVM2 poll daemon socket.
[[0;32m  OK  [0m] Listening on LVM2 poll daemon socket.
[   16.525548] systemd[1]: Listening on udev Kernel Socket.
[[0;32m  OK  [0m] Listening on udev Kernel Socket.
[   16.645958] systemd[1]: Created slice System Slice.
[[0;32m  OK  [0m] Created slice System Slice.
[   16.769226] systemd[1]: Starting Load Kernel Modules...
         Starting Load Kernel Modules...
[   16.869851] systemd[1]: Mounting Huge Pages File System...
         Mounting Huge Pages File System...
[   16.983166] Loading iSCSI transport class v2.0-870.
[   17.021284] systemd[1]: Reached target Slices.
[[0;32m  OK  [0m] Reached target Slices.
[   17.023650] systemd[1]: Starting Nameserver information manager...
         Starting Nameserver information manager...
[   17.034949] systemd[1]: Created slice system-serial\x2dgetty.slice.
[[0;32m  OK  [0m] Created slice system-serial\x2dgetty.slice.
[   17.037416] systemd[1]: Starting Uncomplicated firewall...
         Starting Uncompl[   17.055756] iscsi: registered transport (tcp)
icated firewall...
[   17.064758] systemd[1]: Starting Create list of required static device nodes for the current kernel...
         Starting Create list of required st... nodes for the current kernel...
[   17.195429] systemd[1]: Created slice system-postgresql.slice.
[[0;32m  OK  [0m] Created slice system-postgresql.slice.
[   17.197773] systemd[1]: Starting Remount Root and Kernel File Systems...
         Starting Remount Root and Kernel File Systems...
[   17.202063] systemd[1]: Starting Set console keymap...
         Starting Set console keymap...
[   17.204510] systemd[1]: Mounting POSIX Message Queue File System...
         Mounting POSIX Message Queue File System...
[   17.210438] systemd[1]: Starting Journal Service...
         Starting Journal Service...
[   17.213216] systemd[1]: Mounting Debug File System...
         Mounting Debug File System...
[   17.220009] systemd[1]: Started Forward Password Requests to Wall Directory Watch.
[   17.231469] EXT4-fs (sda1): re-mounted. Opts: (null)
[[0;32m  OK  [0m] Started Forward Password Requests to Wall Directory Watch.
[   17.236228] systemd[1]: Reached target User and Group Name Lookups.
[[0;32m  OK  [0m] Reached target User and Group Name Lookups.
[   17.238357] systemd[1]: Set up automount Arbitrary Executable File Formats File System Automount Point.
[[0;32m  OK  [0m] Set up automount Arbitrary Executab...ats File System Automount Point.
[   17.333740] systemd[1]: Listening on LVM2 metadata daemon socket.
[[0;32m  OK  [0m] Listening on LVM2 metadata daemon socket.
[   17.437984] iscsi: registered transport (iser)
[   17.494524] systemd[1]: Starting Monitoring of LVM2 mirrors, snapshots etc. using dmeventd or progress polling...
         Starting Monitoring of LVM2 mirrors... dmeventd or progress polling...
[   17.673089] systemd[1]: Listening on udev Control Socket.
[[0;32m  OK  [0m] Listening on udev Control Socket.
[   17.793640] systemd[1]: Mounted Debug File System.
[[0;32m  OK  [0m] Mounted Debug File System.
[   17.905264] systemd[1]: Mounted Huge Pages File System.
[[0;32m  OK  [0m] Mounted Huge Pages File System.
[   17.997267] systemd[1]: Mounted POSIX Message Queue File System.
[[0;32m  OK  [0m] Mounted POSIX Message Queue File System.
[   18.101465] systemd[1]: Started Journal Service.
[[0;32m  OK  [0m] Started Journal Service.
[[0;32m  OK  [0m] Started Load Kernel Modules.
[[0;32m  OK  [0m] Started Uncomplicated firewall.
[[0;32m  OK  [0m] Started Create list of required sta...ce nodes for the current kernel.
[[0;32m  OK  [0m] Started Remount Root and Kernel File Systems.
[[0;32m  OK  [0m] Started Set console keymap.
[[0;32m  OK  [0m] Started Nameserver information manager.
[[0;32m  OK  [0m] Started LVM2 metadata daemon.
         Starting Load/Save Random Seed...
         Starting udev Coldplug all Devices...
         Starting Create Static Device Nodes in /dev...
         Starting Apply Kernel Variables...
         Mounting FUSE Control File System...
         Starting Flush Journal to Persistent Storage...
[[0;32m  OK  [0m] Mounted FUSE Control File System.
[[0;32m  OK  [0m] Started Load/Save Random Seed.
[[0;32m  OK  [0m] Started Apply Kernel Variables.
[[0;32m  OK  [0m] Started udev Coldplug all Devices.
[[0;32m  OK  [0m] Started Create Static Device Nodes in /dev.
         Starting udev Kernel Device Manager...
[[0;32m  OK  [0m] Started Flush Journal to Persistent Storage.
[[0;32m  OK  [0m] Started Monitoring of LVM2 mirrors,...ng dmeventd or progress polling.
[[0;32m  OK  [0m] Started udev Kernel Device Manager.
[[0;32m  OK  [0m] Started Dispatch Password Requests to Console Directory Watch.
[[0;32m  OK  [0m] Reached target Local File Systems (Pre).
[[0;32m  OK  [0m] Reached target Local File Systems.
         Starting Set console font and keymap...
         Starting Run snappy firstboot setup...
         Starting Create Volatile Files and Directories...
         Starting Initial cloud-init job (pre-networking)...
         Starting LSB: AppArmor initialization...
         Starting Tell Plymouth To Write Out Runtime Data...
[[0;32m  OK  [0m] Found device /dev/ttyS0.
[[0;32m  OK  [0m] Started Create Volatile Files and Directories.
[[0;32m  OK  [0m] Started Tell Plymouth To Write Out Runtime Data.
         Starting Update UTMP about System Boot/Shutdown...
[[0;32m  OK  [0m] Reached target System Time Synchronized.
[[0;32m  OK  [0m] Listening on Load/Save RF Kill Switch Status /dev/rfkill Watch.
[[0;32m  OK  [0m] Started Update UTMP about System Boot/Shutdown.
[[0;32m  OK  [0m] Found device 82540EM Gigabit Ethern...r (PRO/1000 MT Desktop Adapter).
[[0;32m  OK  [0m] Started Set console font and keymap.
[[0;32m  OK  [0m] Created slice system-getty.slice.
[[0;32m  OK  [0m] Started Run snappy firstboot setup.
[[0;32m  OK  [0m] Started LSB: AppArmor initialization.
[[0;32m  OK  [0m] Reached target System Initialization.
         Starting Socket activation for snappy daemon.
[[0;32m  OK  [0m] Started Trigger resolvconf update for networkd DNS.
[[0;32m  OK  [0m] Started Daily Cleanup of Temporary Directories.
[[0;32m  OK  [0m] Started Daily apt activities.
[[0;32m  OK  [0m] Listening on UUID daemon activation socket.
[[0;32m  OK  [0m] Listening on D-Bus System Message Bus Socket.
[[0;32m  OK  [0m] Started Timer to automatically refresh installed snaps.
[[0;32m  OK  [0m] Reached target Timers.
         Starting LXD - unix socket.
[[0;32m  OK  [0m] Listening on ACPID Listen Socket.
[[0;32m  OK  [0m] Started ACPI Events Check.
[[0;32m  OK  [0m] Reached target Paths.
[[0;32m  OK  [0m] Listening on Socket activation for snappy daemon.
[[0;32m  OK  [0m] Listening on LXD - unix socket.
[[0;32m  OK  [0m] Reached target Sockets.
[[0;32m  OK  [0m] Reached target Basic System.
[[0;32m  OK  [0m] Started FUSE filesystem for LXC.
[[0;32m  OK  [0m] Started D-Bus System Message Bus.
         Starting LXD - container startup/shutdown...
         Starting PostgreSQL Cluster 9.5-main...
[[0;32m  OK  [0m] Started Deferred execution scheduler.
         Starting Login Service...
         Starting Accounts Service...
         Starting System Logging Service...
         Starting LSB: MD monitoring daemon...
[[0;32m  OK  [0m] Started ACPI event daemon.
[[0;32m  OK  [0m] Started Regular background program processing daemon.
         Starting LSB: Record successful boot for GRUB...
[[0;32m  OK  [0m] Started Snappy daemon.
[[0;32m  OK  [0m] Started Login Service.
[[0;32m  OK  [0m] Started LSB: Record successful boot for GRUB.
[[0;32m  OK  [0m] Started System Logging Service.
[[0;32m  OK  [0m] Started LSB: MD monitoring daemon.
         Starting Authenticate and Authorize Users to Run Privileged Tasks...
[[0;32m  OK  [0m] Started Authenticate and Authorize Users to Run Privileged Tasks.
[[0;32m  OK  [0m] Started Accounts Service.
[[0;32m  OK  [0m] Started LXD - container startup/shutdown.
[   23.054379] cloud-init[580]: Cloud-init v. 0.7.8 running 'init-local' at Mon, 14 Nov 2016 15:39:04 +0000. Up 22.09 seconds.
[[0;32m  OK  [0m] Started Initial cloud-init job (pre-networking).
[[0;32m  OK  [0m] Reached target Network (Pre).
         Starting Raise network interfaces...
[[0;32m  OK  [0m] Started ifup for enp0s3.
[[0;32m  OK  [0m] Started Raise network interfaces.
[[0;32m  OK  [0m] Reached target Network.
         Starting Initial cloud-init job (metadata service crawler)...
[   24.257149] cloud-init[1094]: Cloud-init v. 0.7.8 running 'init' at Mon, 14 Nov 2016 15:39:05 +0000. Up 23.81 seconds.
[   24.349024] cloud-init[1094]: ci-info: +++++++++++++++++++++++++++++++++++++Net device info++++++++++++++++++++++++++++++++++++++
[[0;32m  OK  [0m] Started Initial cloud-init job (metadata service crawler).
[   24.448628] cloud-init[1094]: ci-info: +--------+------+----------------------------+---------------+-------+-------------------+
[   24.613161] cloud-init[1094]: ci-info: | Device |  Up  |          Address           |      Mask     | Scope |     Hw-Address    |
[[0;32m  OK  [0m] Reached target Network is Online.
[   24.716259] cloud-init[1094]: ci-info: +--------+------+----------------------------+---------------+-------+-------------------+
[   24.866282] cloud-init[1094]: ci-info: | enp0s3 | True |         10.0.2.15          | 255.255.255.0 |   .   | 02:d0:b0:43:c2:9f |
         Starting /etc/rc.local Compatibility...
[   24.962979] cloud-init[1094]: ci-info: | enp0s3 | True | fe80::d0:b0ff:fe43:c29f/64 |       .       |  link | 02:d0:b0:43:c2:9f |
         Starting iSCSI initiator daemon (iscsid)...
[   25.126577] cloud-init[1094]: ci-info: |   lo   | True |         127.0.0.1          |   255.0.0.0   |   .   |         .         |
[   25.260432] cloud-init[1094]: ci-info: |   lo   | True |          ::1/128           |       .       |  host |         .         |
[   25.261042] cloud-init[1094]: ci-info: +--------+------+----------------------------+---------------+-------+-------------------+
[   25.261135] cloud-init[1094]: ci-info: +++++++++++++++++++++++++++Route IPv4 info++++++++++++++++++++++++++++
[   25.261221] cloud-init[1094]: ci-info: +-------+-------------+----------+---------------+-----------+-------+
[   25.261303] cloud-init[1094]: ci-info: | Route | Destination | Gateway  |    Genmask    | Interface | Flags |
[   25.261428] cloud-init[1094]: ci-info: +-------+-------------+----------+---------------+-----------+-------+
[   25.261515] cloud-init[1094]: ci-info: |   0   |   0.0.0.0   | 10.0.2.2 |    0.0.0.0    |   enp0s3  |   UG  |
[   25.261593] cloud-init[1094]: ci-info: |   1   |   10.0.2.0  | 0.0.0.0  | 255.255.255.0 |   enp0s3  |   U   |
[   25.261674] cloud-init[1094]: ci-info: +-------+-------------+----------+---------------+-----------+-------+
         Starting OpenBSD Secure Shell server...
[[0;32m  OK  [0m] Reached target Cloud-config availability.
         Starting Apply the settings specified in cloud-config...
[[0;32m  OK  [0m] Started OpenBSD Secure Shell server.
[[0;32m  OK  [0m] Started PostgreSQL Cluster 9.5-main.
[[0;32m  OK  [0m] Started /etc/rc.local Compatibility.
         Starting PostgreSQL RDBMS...
[[0;32m  OK  [0m] Started iSCSI initiator daemon (iscsid).
[[0;32m  OK  [0m] Started PostgreSQL RDBMS.
         Starting Login to default iSCSI targets...
[[0;32m  OK  [0m] Started Login to default iSCSI targets.
[[0;32m  OK  [0m] Reached target Remote File Systems (Pre).
[[0;32m  OK  [0m] Reached target Remote File Systems.
         Starting LSB: daemon to balance interrupts for SMP systems...
         Starting LSB: VirtualBox Linux Additions...
         Starting Permit User Sessions...
         Starting LSB: automatic crash report generation...
         Starting LSB: Start/stop sysstat's sadc...
         Starting LSB: Set the CPU Frequency Scaling governor to "ondemand"...
[[0;32m  OK  [0m] Started Permit User Sessions.
[[0;32m  OK  [0m] Started LSB: Set the CPU Frequency Scaling governor to "ondemand".
[[0;32m  OK  [0m] Started LSB: daemon to balance interrupts for SMP systems.
[   26.652303] cloud-init[1154]: Cloud-init v. 0.7.8 running 'modules:config' at Mon, 14 Nov 2016 15:39:08 +0000. Up 26.48 seconds.
[[0;32m  OK  [0m] Started LSB: Start/stop sysstat's sadc.
         Starting Terminate Plymouth Boot Screen...
         Starting Hold until boot process finishes up...
[[0;32m  OK  [0m] Started LSB: VirtualBox Linux Additions.
[[0;32m  OK  [0m] Started Apply the settings specified in cloud-config.
[[0;32m  OK  [0m] Started Terminate Plymouth Boot Screen.
[[0;32m  OK  [0m] Started Hold until boot process finishes up.
[[0;32m  OK  [0m] Started LSB: automatic crash report generation.
[[0;32m  OK  [0m] Started Serial Getty on ttyS0.
         Starting Set console scheme...
[[0;32m  OK  [0m] Started Getty on tty1.
[[0;32m  OK  [0m] Reached target Login Prompts.
[[0;32m  OK  [0m] Reached target Multi-User System.
[[0;32m  OK  [0m] Reached target Graphical Interface.
         Starting Execute cloud user/final scripts...
         Starting Update UTMP about System Runlevel Changes...
         Starting Notify bootloader that boot was successful...
[[0;32m  OK  [0m] Started Set console scheme.
[[0;32m  OK  [0m] Started Notify bootloader that boot was successful.
[[0;32m  OK  [0m] Started Update UTMP about System Runlevel Changes.
[   27.327145] cloud-init[1274]: Cloud-init v. 0.7.8 running 'modules:final' at Mon, 14 Nov 2016 15:39:09 +0000. Up 27.21 seconds.
[   27.358383] cloud-init[1274]: Cloud-init v. 0.7.8 finished at Mon, 14 Nov 2016 15:39:09 +0000. Datasource DataSourceNoCloud [seed=/dev/sdb][dsmode=net].  Up 27.32 seconds
[[0;32m  OK  [0m] Started Execute cloud user/final scripts.
[[0;32m  OK  [0m] Reached target Cloud-init target.

Ubuntu 16.04.1 LTS experteese ttyS0

experteese login: [[0;32m  OK  [0m] Stopped target Timers.
         Stopping Session 2 of usu         Stopping LSB: Record successful boot for GRUB...
         Stopping D-Bus System Message Bus...
         Stopping LSB: automatic crash report generation...
[[0;32m  OK  [0m] Unmounted /var/lib/lxcfs.
[[0;32m  OK  [0m] Stopped Deferred execution scheduler.
[[0;32m  OK  [0m] Stopped Accounts Service.
[[0;32m  OK  [0m] Stopped ACPI event daemon.
[[0;32m  OK  [0m] Stopped System Logging Service.
[[0;32m  OK  [0m] Stopped Regular background program processing daemon.
[[0;32m  OK  [0m] Stopped Snappy daemon.
[[0;32m  OK  [0m] Stopped Authenticate and Authorize Users to Run Privileged Tasks.
[[0;32m  OK  [0m] Stopped OpenBSD Secure Shell server.
[[0;32m  OK  [0m] Stopped Serial Getty on ttyS0.
[[0;32m  OK  [0m] Stopped Getty on tty1.
[[0;32m  OK  [0m] Stopped User Manager for UID 1000.
[[0;32m  OK  [0m] Stopped Session 2 of user ubuntu.
[[0;32m  OK  [0m] Stopped Session 27 of user ubuntu.
[[0;32m  OK  [0m] Stopped Session 16 of user ubuntu.
[[0;32m  OK  [0m] Stopped D-Bus System Message Bus.
[[0;32m  OK  [0m] Stopped FUSE filesystem for LXC.
[[0;32m  OK  [0m] Stopped Session 17 of user ubuntu.
[[0;32m  OK  [0m] Stopped LSB: automatic crash report generation.
[[0;32m  OK  [0m] Stopped LSB: Start/stop sysstat's sadc.
[[0;32m  OK  [0m] Started Unattended Upgrades Shutdown.
[[0;32m  OK  [0m] Stopped LSB: MD monitoring daemon.
[[0;32m  OK  [0m] Stopped LSB: VirtualBox Linux Additions.
[[0;32m  OK  [0m] Stopped LXD - container startup/shutdown.
[[0;32m  OK  [0m] Stopped LSB: Set the CPU Frequency Scaling governor to "ondemand".
[[0;32m  OK  [0m] Stopped LSB: daemon to balance interrupts for SMP systems.
[[0;32m  OK  [0m] Stopped LSB: Record successful boot for GRUB.
[[0;32m  OK  [0m] Stopped Session 15 of user ubuntu.
[[0;32m  OK  [0m] Removed slice User Slice of ubuntu.
         Stopping Login Service...
[[0;32m  OK  [0m] Removed slice system-getty.slice.
         Stopping Permit User Sessions...
[[0;32m  OK  [0m] Stopped /etc/rc.local Compatibility.
[[0;32m  OK  [0m] Removed slice system-serial\x2dgetty.slice.
[[0;32m  OK  [0m] Stopped Login Service.
[[0;32m  OK  [0m] Stopped PostgreSQL Cluster 9.5-main.
[[0;32m  OK  [0m] Stopped Permit User Sessions.
[[0;32m  OK  [0m] Stopped target Remote File Systems.
[[0;32m  OK  [0m] Stopped target Remote File Systems (Pre).
         Stopping Login to default iSCSI targets...
[[0;32m  OK  [0m] Removed slice system-postgresql.slice.
[[0;32m  OK  [0m] Stopped target User and Group Name Lookups.
[[0;32m  OK  [0m] Stopped Login to default iSCSI targets.
         Stopping iSCSI initiator daemon (iscsid)...
[[0;32m  OK  [0m] Stopped iSCSI initiator daemon (iscsid).
[[0;32m  OK  [0m] Stopped target Network is Online.
[[0;32m  OK  [0m] Stopped target Network.
[[0;32m  OK  [0m] Stopped Initial cloud-init job (metadata service crawler).
[[0;32m  OK  [0m] Stopped target Basic System.
[[0;32m  OK  [0m] Stopped target Slices.
[[0;32m  OK  [0m] Removed slice User and Session Slice.
[[0;32m  OK  [0m] Stopped target Sockets.
[[0;32m  OK  [0m] Closed Socket activation for snappy daemon.
[[0;32m  OK  [0m] Closed Syslog Socket.
[[0;32m  OK  [0m] Closed UUID daemon activation socket.
[[0;32m  OK  [0m] Closed D-Bus System Message Bus Socket.
[[0;32m  OK  [0m] Closed ACPID Listen Socket.
[[0;32m  OK  [0m] Closed LXD - unix socket.
[[0;32m  OK  [0m] Stopped target Paths.
[[0;32m  OK  [0m] Stopped Dispatch Password Requests to Console Directory Watch.
[[0;32m  OK  [0m] Stopped Forward Password Requests to Wall Directory Watch.
[[0;32m  OK  [0m] Stopped ACPI Events Check.
[[0;32m  OK  [0m] Stopped Trigger resolvconf update for networkd DNS.
[[0;32m  OK  [0m] Stopped target System Initialization.
         Stopping Load/Save Random Seed...
[[0;32m  OK  [0m] Stopped Create Volatile Files and Directories.
[[0;32m  OK  [0m] Stopped target Swap.
[[0;32m  OK  [0m] Stopped target Encrypted Volumes.
         Stopping Raise network interfaces...
[[0;32m  OK  [0m] Stopped Load/Save Random Seed.
[[0;32m  OK  [0m] Stopped Raise network interfaces.
[[0;32m  OK  [0m] Stopped Apply Kernel Variables.
[[0;32m  OK  [0m] Stopped Load Kernel Modules.
[[0;32m  OK  [0m] Stopped target Network (Pre).
[[0;32m  OK  [0m] Stopped Initial cloud-init job (pre-networking).
[[0;32m  OK  [0m] Stopped target Local File Systems.
         Unmounting /vagrant...
         Unmounting /run/user/1000...
[[0;32m  OK  [0m] Unmounted /vagrant.
[[0;32m  OK  [0m] Unmounted /run/user/1000.
[[0;32m  OK  [0m] Reached target Unmount All Filesystems.
[[0;32m  OK  [0m] Stopped target Local File Systems (Pre).
[[0;32m  OK  [0m] Stopped Remount Root and Kernel File Systems.
         Stopping Monitoring of LVM2 mirrors... dmeventd or progress polling...
[[0;32m  OK  [0m] Stopped Create Static Device Nodes in /dev.
[[0;32m  OK  [0m] Reached target Shutdown.
[10764.005541] reboot: Power down
